Traceback (most recent call last):
  File "/Users/macbookpro/Documents/escrow-service-bot/main.py", line 7, in <module>
    from config import *
  File "/Users/macbookpro/Documents/escrow-service-bot/config.py", line 43, in <module>
    application = Application.builder().token(TOKEN).build()
  File "/Users/macbookpro/.pyenv/versions/3.10.5/lib/python3.10/site-packages/telegram/ext/_application.py", line 459, in builder
    return ApplicationBuilder()
  File "/Users/macbookpro/.pyenv/versions/3.10.5/lib/python3.10/site-packages/telegram/ext/_applicationbuilder.py", line 205, in __init__
    self._job_queue: ODVInput[JobQueue] = DefaultValue(JobQueue())
  File "/Users/macbookpro/.pyenv/versions/3.10.5/lib/python3.10/site-packages/telegram/ext/_jobqueue.py", line 112, in __init__
    self.scheduler: "AsyncIOScheduler" = AsyncIOScheduler(  # noqa: UP037
  File "/Users/macbookpro/.pyenv/versions/3.10.5/lib/python3.10/site-packages/apscheduler/schedulers/base.py", line 87, in __init__
    self.configure(gconfig, **options)
  File "/Users/macbookpro/.pyenv/versions/3.10.5/lib/python3.10/site-packages/apscheduler/schedulers/base.py", line 126, in configure
    self._configure(config)
  File "/Users/macbookpro/.pyenv/versions/3.10.5/lib/python3.10/site-packages/apscheduler/schedulers/asyncio.py", line 48, in _configure
    super(AsyncIOScheduler, self)._configure(config)
  File "/Users/macbookpro/.pyenv/versions/3.10.5/lib/python3.10/site-packages/apscheduler/schedulers/base.py", line 697, in _configure
    self.timezone = astimezone(config.pop('timezone', None)) or get_localzone()
  File "/Users/macbookpro/.pyenv/versions/3.10.5/lib/python3.10/site-packages/apscheduler/util.py", line 93, in astimezone
    raise TypeError('Only timezones from the pytz library are supported')
TypeError: Only timezones from the pytz library are supported
